[2020-11-09T10:05:45.673+08:00] [INFO] [main-1] [com.hao.collector.Application] [] [] [] [StartupInfoLogger.java,50,org.springframework.boot.StartupInfoLogger,logStarting] [Starting Application on DESKTOP-0RPVVEL with PID 43940 (D:\wh\learn-kafka\collector\target\classes started by wxl in D:\wh\learn-kafka\collector)] ## ''
[2020-11-09T10:05:45.681+08:00] [INFO] [main-1] [com.hao.collector.Application] [] [] [] [SpringApplication.java,675,org.springframework.boot.SpringApplication,logStartupProfileInfo] [No active profile set, falling back to default profiles: default] ## ''
[2020-11-09T10:05:46.766+08:00] [INFO] [main-1] [org.springframework.boot.web.embedded.tomcat.TomcatWebServer] [] [] [] [TomcatWebServer.java,90,org.springframework.boot.web.embedded.tomcat.TomcatWebServer,initialize] [Tomcat initialized with port(s): 8001 (http)] ## ''
[2020-11-09T10:05:46.790+08:00] [INFO] [main-1] [org.apache.coyote.http11.Http11NioProtocol] [] [] [] [DirectJDKLog.java,173,org.apache.juli.logging.DirectJDKLog,log] [Initializing ProtocolHandler ["http-nio-8001"]] ## ''
[2020-11-09T10:05:46.800+08:00] [INFO] [main-1] [org.apache.catalina.core.StandardService] [] [] [] [DirectJDKLog.java,173,org.apache.juli.logging.DirectJDKLog,log] [Starting service [Tomcat]] ## ''
[2020-11-09T10:05:46.801+08:00] [INFO] [main-1] [org.apache.catalina.core.StandardEngine] [] [] [] [DirectJDKLog.java,173,org.apache.juli.logging.DirectJDKLog,log] [Starting Servlet engine: [Apache Tomcat/9.0.19]] ## ''
[2020-11-09T10:05:46.898+08:00] [INFO] [main-1] [org.apache.catalina.core.ContainerBase.[Tomcat].[localhost].[/]] [] [] [] [DirectJDKLog.java,173,org.apache.juli.logging.DirectJDKLog,log] [Initializing Spring embedded WebApplicationContext] ## ''
[2020-11-09T10:05:46.898+08:00] [INFO] [main-1] [org.springframework.web.context.ContextLoader] [] [] [] [ServletWebServerApplicationContext.java,296,org.springframework.boot.web.servlet.context.ServletWebServerApplicationContext,prepareWebApplicationContext] [Root WebApplicationContext: initialization completed in 1079 ms] ## ''
[2020-11-09T10:05:47.106+08:00] [INFO] [main-1] [org.springframework.scheduling.concurrent.ThreadPoolTaskExecutor] [] [] [] [ExecutorConfigurationSupport.java,171,org.springframework.scheduling.concurrent.ExecutorConfigurationSupport,initialize] [Initializing ExecutorService 'applicationTaskExecutor'] ## ''
[2020-11-09T10:05:47.269+08:00] [INFO] [main-1] [org.apache.coyote.http11.Http11NioProtocol] [] [] [] [DirectJDKLog.java,173,org.apache.juli.logging.DirectJDKLog,log] [Starting ProtocolHandler ["http-nio-8001"]] ## ''
[2020-11-09T10:05:47.296+08:00] [INFO] [main-1] [org.springframework.boot.web.embedded.tomcat.TomcatWebServer] [] [] [] [TomcatWebServer.java,204,org.springframework.boot.web.embedded.tomcat.TomcatWebServer,start] [Tomcat started on port(s): 8001 (http) with context path ''] ## ''
[2020-11-09T10:05:47.299+08:00] [INFO] [main-1] [com.hao.collector.Application] [] [] [] [StartupInfoLogger.java,59,org.springframework.boot.StartupInfoLogger,logStarted] [Started Application in 1.991 seconds (JVM running for 3.885)] ## ''
[2020-11-09T10:06:22.340+08:00] [INFO] [main-1] [com.hao.collector.Application] [] [] [] [StartupInfoLogger.java,50,org.springframework.boot.StartupInfoLogger,logStarting] [Starting Application on DESKTOP-0RPVVEL with PID 43972 (D:\wh\learn-kafka\collector\target\classes started by wxl in D:\wh\learn-kafka\collector)] ## ''
[2020-11-09T10:06:22.393+08:00] [INFO] [main-1] [com.hao.collector.Application] [] [] [] [SpringApplication.java,675,org.springframework.boot.SpringApplication,logStartupProfileInfo] [No active profile set, falling back to default profiles: default] ## ''
[2020-11-09T10:06:23.802+08:00] [INFO] [main-1] [org.springframework.boot.web.embedded.tomcat.TomcatWebServer] [] [] [] [TomcatWebServer.java,90,org.springframework.boot.web.embedded.tomcat.TomcatWebServer,initialize] [Tomcat initialized with port(s): 8001 (http)] ## ''
[2020-11-09T10:06:23.824+08:00] [INFO] [main-1] [org.apache.coyote.http11.Http11NioProtocol] [] [] [] [DirectJDKLog.java,173,org.apache.juli.logging.DirectJDKLog,log] [Initializing ProtocolHandler ["http-nio-8001"]] ## ''
[2020-11-09T10:06:23.833+08:00] [INFO] [main-1] [org.apache.catalina.core.StandardService] [] [] [] [DirectJDKLog.java,173,org.apache.juli.logging.DirectJDKLog,log] [Starting service [Tomcat]] ## ''
[2020-11-09T10:06:23.834+08:00] [INFO] [main-1] [org.apache.catalina.core.StandardEngine] [] [] [] [DirectJDKLog.java,173,org.apache.juli.logging.DirectJDKLog,log] [Starting Servlet engine: [Apache Tomcat/9.0.19]] ## ''
[2020-11-09T10:06:23.938+08:00] [INFO] [main-1] [org.apache.catalina.core.ContainerBase.[Tomcat].[localhost].[/]] [] [] [] [DirectJDKLog.java,173,org.apache.juli.logging.DirectJDKLog,log] [Initializing Spring embedded WebApplicationContext] ## ''
[2020-11-09T10:06:23.939+08:00] [INFO] [main-1] [org.springframework.web.context.ContextLoader] [] [] [] [ServletWebServerApplicationContext.java,296,org.springframework.boot.web.servlet.context.ServletWebServerApplicationContext,prepareWebApplicationContext] [Root WebApplicationContext: initialization completed in 1387 ms] ## ''
[2020-11-09T10:06:24.169+08:00] [INFO] [main-1] [org.springframework.scheduling.concurrent.ThreadPoolTaskExecutor] [] [] [] [ExecutorConfigurationSupport.java,171,org.springframework.scheduling.concurrent.ExecutorConfigurationSupport,initialize] [Initializing ExecutorService 'applicationTaskExecutor'] ## ''
[2020-11-09T10:06:24.300+08:00] [INFO] [main-1] [org.apache.coyote.http11.Http11NioProtocol] [] [] [] [DirectJDKLog.java,173,org.apache.juli.logging.DirectJDKLog,log] [Starting ProtocolHandler ["http-nio-8001"]] ## ''
[2020-11-09T10:06:24.327+08:00] [INFO] [main-1] [org.springframework.boot.web.embedded.tomcat.TomcatWebServer] [] [] [] [TomcatWebServer.java,204,org.springframework.boot.web.embedded.tomcat.TomcatWebServer,start] [Tomcat started on port(s): 8001 (http) with context path ''] ## ''
[2020-11-09T10:06:24.333+08:00] [INFO] [main-1] [com.hao.collector.Application] [] [] [] [StartupInfoLogger.java,59,org.springframework.boot.StartupInfoLogger,logStarted] [Started Application in 2.443 seconds (JVM running for 3.798)] ## ''
